This is pdfTeX, Version 3.1415926-2.4-1.40.13 (MiKTeX 2.9) (preloaded format=pdflatex 2013.8.13)  4 MAY 2016 16:23
entering extended mode
**IEEE_paper*-*new.tex

("C:\Users\Shim\Dropbox (MIT)\Research\Tracking\Git\Multi-Target-Tracking\LaTeX
\IEEE\IEEE_paper - new.tex"
LaTeX2e <2011/06/27>
Babel <v3.8m> and hyphenation patterns for english, afrikaans, ancientgreek, ar
abic, armenian, assamese, basque, bengali, bokmal, bulgarian, catalan, coptic, 
croatian, czech, danish, dutch, esperanto, estonian, farsi, finnish, french, ga
lician, german, german-x-2012-05-30, greek, gujarati, hindi, hungarian, iceland
ic, indonesian, interlingua, irish, italian, kannada, kurmanji, latin, latvian,
 lithuanian, malayalam, marathi, mongolian, mongolianlmc, monogreek, ngerman, n
german-x-2012-05-30, nynorsk, oriya, panjabi, pinyin, polish, portuguese, roman
ian, russian, sanskrit, serbian, slovak, slovenian, spanish, swedish, swissgerm
an, tamil, telugu, turkish, turkmen, ukenglish, ukrainian, uppersorbian, usengl
ishmax, welsh, loaded.

("C:\Users\Shim\Dropbox (MIT)\Research\Tracking\Git\Multi-Target-Tracking\LaTeX
\IEEE\IEEEtran.cls"
Document Class: IEEEtran 2015/08/26 V1.8b by Michael Shell
-- See the "IEEEtran_HOWTO" manual for usage information.
-- http://www.michaelshell.org/tex/ieeetran/
\@IEEEtrantmpdimenA=\dimen102
\@IEEEtrantmpdimenB=\dimen103
\@IEEEtrantmpdimenC=\dimen104
\@IEEEtrantmpcountA=\count79
\@IEEEtrantmpcountB=\count80
\@IEEEtrantmpcountC=\count81
\@IEEEtrantmptoksA=\toks14
LaTeX Font Info:    Try loading font information for OT1+ptm on input line 503.

("C:\Program Files (x86)\MiKTeX 2.9\tex\latex\psnfss\ot1ptm.fd"
File: ot1ptm.fd 2001/06/04 font definitions for OT1/ptm.
)
-- Using 8.5in x 11in (letter) paper.
-- Using PDF output.
\@IEEEnormalsizeunitybaselineskip=\dimen105
-- This is a 10 point document.
\CLASSINFOnormalsizebaselineskip=\dimen106
\CLASSINFOnormalsizeunitybaselineskip=\dimen107
\IEEEnormaljot=\dimen108
LaTeX Font Info:    Font shape `OT1/ptm/bx/n' in size <5> not available
(Font)              Font shape `OT1/ptm/b/n' tried instead on input line 1090.
LaTeX Font Info:    Font shape `OT1/ptm/bx/it' in size <5> not available
(Font)              Font shape `OT1/ptm/b/it' tried instead on input line 1090.

LaTeX Font Info:    Font shape `OT1/ptm/bx/n' in size <7> not available
(Font)              Font shape `OT1/ptm/b/n' tried instead on input line 1090.
LaTeX Font Info:    Font shape `OT1/ptm/bx/it' in size <7> not available
(Font)              Font shape `OT1/ptm/b/it' tried instead on input line 1090.

LaTeX Font Info:    Font shape `OT1/ptm/bx/n' in size <8> not available
(Font)              Font shape `OT1/ptm/b/n' tried instead on input line 1090.
LaTeX Font Info:    Font shape `OT1/ptm/bx/it' in size <8> not available
(Font)              Font shape `OT1/ptm/b/it' tried instead on input line 1090.

LaTeX Font Info:    Font shape `OT1/ptm/bx/n' in size <9> not available
(Font)              Font shape `OT1/ptm/b/n' tried instead on input line 1090.
LaTeX Font Info:    Font shape `OT1/ptm/bx/it' in size <9> not available
(Font)              Font shape `OT1/ptm/b/it' tried instead on input line 1090.

LaTeX Font Info:    Font shape `OT1/ptm/bx/n' in size <10> not available
(Font)              Font shape `OT1/ptm/b/n' tried instead on input line 1090.
LaTeX Font Info:    Font shape `OT1/ptm/bx/it' in size <10> not available
(Font)              Font shape `OT1/ptm/b/it' tried instead on input line 1090.

LaTeX Font Info:    Font shape `OT1/ptm/bx/n' in size <11> not available
(Font)              Font shape `OT1/ptm/b/n' tried instead on input line 1090.
LaTeX Font Info:    Font shape `OT1/ptm/bx/it' in size <11> not available
(Font)              Font shape `OT1/ptm/b/it' tried instead on input line 1090.

LaTeX Font Info:    Font shape `OT1/ptm/bx/n' in size <12> not available
(Font)              Font shape `OT1/ptm/b/n' tried instead on input line 1090.
LaTeX Font Info:    Font shape `OT1/ptm/bx/it' in size <12> not available
(Font)              Font shape `OT1/ptm/b/it' tried instead on input line 1090.

LaTeX Font Info:    Font shape `OT1/ptm/bx/n' in size <17> not available
(Font)              Font shape `OT1/ptm/b/n' tried instead on input line 1090.
LaTeX Font Info:    Font shape `OT1/ptm/bx/it' in size <17> not available
(Font)              Font shape `OT1/ptm/b/it' tried instead on input line 1090.

LaTeX Font Info:    Font shape `OT1/ptm/bx/n' in size <20> not available
(Font)              Font shape `OT1/ptm/b/n' tried instead on input line 1090.
LaTeX Font Info:    Font shape `OT1/ptm/bx/it' in size <20> not available
(Font)              Font shape `OT1/ptm/b/it' tried instead on input line 1090.

LaTeX Font Info:    Font shape `OT1/ptm/bx/n' in size <24> not available
(Font)              Font shape `OT1/ptm/b/n' tried instead on input line 1090.
LaTeX Font Info:    Font shape `OT1/ptm/bx/it' in size <24> not available
(Font)              Font shape `OT1/ptm/b/it' tried instead on input line 1090.

\IEEEquantizedlength=\dimen109
\IEEEquantizedlengthdiff=\dimen110
\IEEEquantizedtextheightdiff=\dimen111
\IEEEilabelindentA=\dimen112
\IEEEilabelindentB=\dimen113
\IEEEilabelindent=\dimen114
\IEEEelabelindent=\dimen115
\IEEEdlabelindent=\dimen116
\IEEElabelindent=\dimen117
\IEEEiednormlabelsep=\dimen118
\IEEEiedmathlabelsep=\dimen119
\IEEEiedtopsep=\skip41
\c@section=\count82
\c@subsection=\count83
\c@subsubsection=\count84
\c@paragraph=\count85
\c@IEEEsubequation=\count86
\abovecaptionskip=\skip42
\belowcaptionskip=\skip43
\c@figure=\count87
\c@table=\count88
\@IEEEeqnnumcols=\count89
\@IEEEeqncolcnt=\count90
\@IEEEsubeqnnumrollback=\count91
\@IEEEquantizeheightA=\dimen120
\@IEEEquantizeheightB=\dimen121
\@IEEEquantizeheightC=\dimen122
\@IEEEquantizeprevdepth=\dimen123
\@IEEEquantizemultiple=\count92
\@IEEEquantizeboxA=\box26
\@IEEEtmpitemindent=\dimen124
\IEEEPARstartletwidth=\dimen125
\c@IEEEbiography=\count93
\@IEEEtranrubishbin=\box27
) ("C:\Program Files (x86)\MiKTeX 2.9\tex\latex\algorithms\algorithm.sty"
Package: algorithm 2009/08/24 v0.1 Document Style `algorithm' - floating enviro
nment

("C:\Program Files (x86)\MiKTeX 2.9\tex\latex\float\float.sty"
Package: float 2001/11/08 v1.3d Float enhancements (AL)
\c@float@type=\count94
\float@exts=\toks15
\float@box=\box28
\@float@everytoks=\toks16
\@floatcapt=\box29
)
("C:\Program Files (x86)\MiKTeX 2.9\tex\latex\base\ifthen.sty"
Package: ifthen 2001/05/26 v1.1c Standard LaTeX ifthen package (DPC)
)
\@float@every@algorithm=\toks17
\c@algorithm=\count95
)
("C:\Program Files (x86)\MiKTeX 2.9\tex\latex\algorithms\algorithmic.sty"
Package: algorithmic 2009/08/24 v0.1 Document Style `algorithmic'

("C:\Program Files (x86)\MiKTeX 2.9\tex\latex\graphics\keyval.sty"
Package: keyval 1999/03/16 v1.13 key=value parser (DPC)
\KV@toks@=\toks18
)
\c@ALC@unique=\count96
\c@ALC@line=\count97
\c@ALC@rem=\count98
\c@ALC@depth=\count99
\ALC@tlm=\skip44
\algorithmicindent=\skip45
)
("C:\Program Files (x86)\MiKTeX 2.9\tex\latex\amsmath\amsmath.sty"
Package: amsmath 2013/01/14 v2.14 AMS math features
\@mathmargin=\skip46

For additional information on amsmath, use the `?' option.
("C:\Program Files (x86)\MiKTeX 2.9\tex\latex\amsmath\amstext.sty"
Package: amstext 2000/06/29 v2.01

("C:\Program Files (x86)\MiKTeX 2.9\tex\latex\amsmath\amsgen.sty"
File: amsgen.sty 1999/11/30 v2.0
\@emptytoks=\toks19
\ex@=\dimen126
))
("C:\Program Files (x86)\MiKTeX 2.9\tex\latex\amsmath\amsbsy.sty"
Package: amsbsy 1999/11/29 v1.2d
\pmbraise@=\dimen127
)
("C:\Program Files (x86)\MiKTeX 2.9\tex\latex\amsmath\amsopn.sty"
Package: amsopn 1999/12/14 v2.01 operator names
)
\inf@bad=\count100
LaTeX Info: Redefining \frac on input line 210.
\uproot@=\count101
\leftroot@=\count102
LaTeX Info: Redefining \overline on input line 306.
\classnum@=\count103
\DOTSCASE@=\count104
LaTeX Info: Redefining \ldots on input line 378.
LaTeX Info: Redefining \dots on input line 381.
LaTeX Info: Redefining \cdots on input line 466.
\Mathstrutbox@=\box30
\strutbox@=\box31
\big@size=\dimen128
LaTeX Font Info:    Redeclaring font encoding OML on input line 566.
LaTeX Font Info:    Redeclaring font encoding OMS on input line 567.
\macc@depth=\count105
\c@MaxMatrixCols=\count106
\dotsspace@=\muskip10
\c@parentequation=\count107
\dspbrk@lvl=\count108
\tag@help=\toks20
\row@=\count109
\column@=\count110
\maxfields@=\count111
\andhelp@=\toks21
\eqnshift@=\dimen129
\alignsep@=\dimen130
\tagshift@=\dimen131
\tagwidth@=\dimen132
\totwidth@=\dimen133
\lineht@=\dimen134
\@envbody=\toks22
\multlinegap=\skip47
\multlinetaggap=\skip48
\mathdisplay@stack=\toks23
LaTeX Info: Redefining \[ on input line 2665.
LaTeX Info: Redefining \] on input line 2666.
)
("C:\Program Files (x86)\MiKTeX 2.9\tex\latex\amsfonts\amssymb.sty"
Package: amssymb 2013/01/14 v3.01 AMS font symbols

("C:\Program Files (x86)\MiKTeX 2.9\tex\latex\amsfonts\amsfonts.sty"
Package: amsfonts 2013/01/14 v3.01 Basic AMSFonts support
\symAMSa=\mathgroup4
\symAMSb=\mathgroup5
LaTeX Font Info:    Overwriting math alphabet `\mathfrak' in version `bold'
(Font)                  U/euf/m/n --> U/euf/b/n on input line 106.
))
("C:\Program Files (x86)\MiKTeX 2.9\tex\latex\amscls\amsthm.sty"
Package: amsthm 2004/08/06 v2.20
\thm@style=\toks24
\thm@bodyfont=\toks25
\thm@headfont=\toks26
\thm@notefont=\toks27
\thm@headpunct=\toks28
\thm@preskip=\skip49
\thm@postskip=\skip50
\thm@headsep=\skip51
\dth@everypar=\toks29
)
\c@assumption=\count112

("C:\Program Files (x86)\MiKTeX 2.9\tex\latex\booktabs\booktabs.sty"
Package: booktabs 2005/04/14 v1.61803 publication quality tables
\heavyrulewidth=\dimen135
\lightrulewidth=\dimen136
\cmidrulewidth=\dimen137
\belowrulesep=\dimen138
\belowbottomsep=\dimen139
\aboverulesep=\dimen140
\abovetopsep=\dimen141
\cmidrulesep=\dimen142
\cmidrulekern=\dimen143
\defaultaddspace=\dimen144
\@cmidla=\count113
\@cmidlb=\count114
\@aboverulesep=\dimen145
\@belowrulesep=\dimen146
\@thisruleclass=\count115
\@lastruleclass=\count116
\@thisrulewidth=\dimen147
)
("C:\Program Files (x86)\MiKTeX 2.9\tex\latex\cite\cite.sty"
LaTeX Info: Redefining \cite on input line 302.
LaTeX Info: Redefining \nocite on input line 373.
Package: cite 2010/09/10  v 5.3
)
("C:\Program Files (x86)\MiKTeX 2.9\tex\latex\caption\caption.sty"
Package: caption 2013/05/02 v3.3-89 Customizing captions (AR)

("C:\Program Files (x86)\MiKTeX 2.9\tex\latex\caption\caption3.sty"
Package: caption3 2013/05/02 v1.6-88 caption3 kernel (AR)
Package caption3 Info: TeX engine: e-TeX on input line 57.
\captionmargin=\dimen148
\captionmargin@=\dimen149
\captionwidth=\dimen150
\caption@tempdima=\dimen151
\caption@indent=\dimen152
\caption@parindent=\dimen153
\caption@hangindent=\dimen154
Package caption Info: Unknown document class (or package),
(caption)             standard defaults will be used.
)

Package caption Warning: Unsupported document class (or package) detected,
(caption)                usage of the caption package is not recommended.
See the caption package documentation for explanation.

Package caption Info: \@makecaption = \long macro:#1#2->\ifx \@captype \@IEEEta
blestring \footnotesize \bgroup \par \centering \@IEEEtabletopskipstrut {\norma
lfont \footnotesize #1}\\{\normalfont \footnotesize \scshape #2}\par \addvspace
 {0.5\baselineskip }\egroup \@IEEEtablecaptionsepspace \else \@IEEEfigurecaptio
nsepspace \setbox \@tempboxa \hbox {\normalfont \footnotesize {#1.}\nobreakspac
e \nobreakspace #2}\ifdim \wd \@tempboxa >\hsize \setbox \@tempboxa \hbox {\nor
malfont \footnotesize {#1.}\nobreakspace \nobreakspace }\parbox [t]{\hsize }{\n
ormalfont \footnotesize \noindent \unhbox \@tempboxa #2}\else \ifCLASSOPTIONcon
ference \hbox to\hsize {\normalfont \footnotesize \hfil \box \@tempboxa \hfil }
\else \hbox to\hsize {\normalfont \footnotesize \box \@tempboxa \hfil }\fi \fi 
\fi .
\c@ContinuedFloat=\count117
Package caption Info: float package is loaded.
) ("C:\Program Files (x86)\MiKTeX 2.9\tex\latex\graphics\color.sty"
Package: color 2005/11/14 v1.0j Standard LaTeX Color (DPC)

("C:\Program Files (x86)\MiKTeX 2.9\tex\latex\00miktex\color.cfg"
File: color.cfg 2007/01/18 v1.5 color configuration of teTeX/TeXLive
)
Package color Info: Driver file: pdftex.def on input line 130.

("C:\Program Files (x86)\MiKTeX 2.9\tex\latex\pdftex-def\pdftex.def"
File: pdftex.def 2011/05/27 v0.06d Graphics/color for pdfTeX

("C:\Program Files (x86)\MiKTeX 2.9\tex\generic\oberdiek\infwarerr.sty"
Package: infwarerr 2010/04/08 v1.3 Providing info/warning/error messages (HO)
)
("C:\Program Files (x86)\MiKTeX 2.9\tex\generic\oberdiek\ltxcmds.sty"
Package: ltxcmds 2011/11/09 v1.22 LaTeX kernel commands for general use (HO)
)
\Gread@gobject=\count118
))
("C:\Program Files (x86)\MiKTeX 2.9\tex\latex\tools\enumerate.sty"
Package: enumerate 1999/03/05 v3.00 enumerate extensions (DPC)
\@enLab=\toks30
)
("C:\Program Files (x86)\MiKTeX 2.9\tex\latex\tools\longtable.sty"
Package: longtable 2004/02/01 v4.11 Multi-page Table package (DPC)
\LTleft=\skip52
\LTright=\skip53
\LTpre=\skip54
\LTpost=\skip55
\LTchunksize=\count119
\LTcapwidth=\dimen155
\LT@head=\box32
\LT@firsthead=\box33
\LT@foot=\box34
\LT@lastfoot=\box35
\LT@cols=\count120
\LT@rows=\count121
\c@LT@tables=\count122
\c@LT@chunks=\count123
\LT@p@ftn=\toks31
)
("C:\Program Files (x86)\MiKTeX 2.9\tex\latex\mh\mathtools.sty"
Package: mathtools 2013/02/12 v1.13 mathematical typesetting tools

("C:\Program Files (x86)\MiKTeX 2.9\tex\latex\tools\calc.sty"
Package: calc 2007/08/22 v4.3 Infix arithmetic (KKT,FJ)
\calc@Acount=\count124
\calc@Bcount=\count125
\calc@Adimen=\dimen156
\calc@Bdimen=\dimen157
\calc@Askip=\skip56
\calc@Bskip=\skip57
LaTeX Info: Redefining \setlength on input line 76.
LaTeX Info: Redefining \addtolength on input line 77.
\calc@Ccount=\count126
\calc@Cskip=\skip58
)
("C:\Program Files (x86)\MiKTeX 2.9\tex\latex\mh\mhsetup.sty"
Package: mhsetup 2010/01/21 v1.2a programming setup (MH)
)
LaTeX Info: Thecontrolsequence`\['isalreadyrobust on input line 129.
LaTeX Info: Thecontrolsequence`\]'isalreadyrobust on input line 129.
\g_MT_multlinerow_int=\count127
\l_MT_multwidth_dim=\dimen158
\origjot=\skip59
\l_MT_shortvdotswithinadjustabove_dim=\dimen159
\l_MT_shortvdotswithinadjustbelow_dim=\dimen160
\l_MT_above_intertext_sep=\dimen161
\l_MT_below_intertext_sep=\dimen162
\l_MT_above_shortintertext_sep=\dimen163
\l_MT_below_shortintertext_sep=\dimen164
)
("C:\Program Files (x86)\MiKTeX 2.9\tex\latex\multirow\multirow.sty"
\bigstrutjot=\dimen165
)
("C:\Program Files (x86)\MiKTeX 2.9\tex\latex\ltxmisc\url.sty"
\Urlmuskip=\muskip11
Package: url 2006/04/12  ver 3.3  Verb mode for urls, etc.
)
("C:\Program Files (x86)\MiKTeX 2.9\tex\latex\graphics\graphicx.sty"
Package: graphicx 1999/02/16 v1.0f Enhanced LaTeX Graphics (DPC,SPQR)

("C:\Program Files (x86)\MiKTeX 2.9\tex\latex\graphics\graphics.sty"
Package: graphics 2009/02/05 v1.0o Standard LaTeX Graphics (DPC,SPQR)

("C:\Program Files (x86)\MiKTeX 2.9\tex\latex\graphics\trig.sty"
Package: trig 1999/03/16 v1.09 sin cos tan (DPC)
)
("C:\Program Files (x86)\MiKTeX 2.9\tex\latex\00miktex\graphics.cfg"
File: graphics.cfg 2007/01/18 v1.5 graphics configuration of teTeX/TeXLive
)
Package graphics Info: Driver file: pdftex.def on input line 91.
)
\Gin@req@height=\dimen166
\Gin@req@width=\dimen167
)
("C:\Users\Shim\Dropbox (MIT)\Research\Tracking\Git\Multi-Target-Tracking\LaTeX
\IEEE\IEEE_paper - new.aux")
LaTeX Font Info:    Checking defaults for OML/cmm/m/it on input line 71.
LaTeX Font Info:    ... okay on input line 71.
LaTeX Font Info:    Checking defaults for T1/cmr/m/n on input line 71.
LaTeX Font Info:    ... okay on input line 71.
LaTeX Font Info:    Checking defaults for OT1/cmr/m/n on input line 71.
LaTeX Font Info:    ... okay on input line 71.
LaTeX Font Info:    Checking defaults for OMS/cmsy/m/n on input line 71.
LaTeX Font Info:    ... okay on input line 71.
LaTeX Font Info:    Checking defaults for OMX/cmex/m/n on input line 71.
LaTeX Font Info:    ... okay on input line 71.
LaTeX Font Info:    Checking defaults for U/cmr/m/n on input line 71.
LaTeX Font Info:    ... okay on input line 71.

-- Lines per column: 58 (exact).
Package caption Info: Begin \AtBeginDocument code.
Package caption Info: longtable package is loaded.
("C:\Program Files (x86)\MiKTeX 2.9\tex\latex\caption\ltcaption.sty"
Package: ltcaption 2013/02/03 v1.3-62 longtable captions (AR)
)
Package caption Info: End \AtBeginDocument code.

("C:\Program Files (x86)\MiKTeX 2.9\tex\context\base\supp-pdf.mkii"
[Loading MPS to PDF converter (version 2006.09.02).]
\scratchcounter=\count128
\scratchdimen=\dimen168
\scratchbox=\box36
\nofMPsegments=\count129
\nofMParguments=\count130
\everyMPshowfont=\toks32
\MPscratchCnt=\count131
\MPscratchDim=\dimen169
\MPnumerator=\count132
\makeMPintoPDFobject=\count133
\everyMPtoPDFconversion=\toks33
)
("C:\Users\Shim\Dropbox (MIT)\Research\Tracking\Git\Multi-Target-Tracking\LaTeX
\Content\abstract.tex")
("C:\Users\Shim\Dropbox (MIT)\Research\Tracking\Git\Multi-Target-Tracking\LaTeX
\Content\chap1.tex" [1{C:/Users/Shim/AppData/Local/MiKTeX/2.9/pdftex/config/pdf
tex.map}


] [2]
LaTeX Font Info:    Try loading font information for U+msa on input line 38.
 ("C:\Program Files (x86)\MiKTeX 2.9\tex\latex\amsfonts\umsa.fd"
File: umsa.fd 2013/01/14 v3.01 AMS symbols A
)
LaTeX Font Info:    Try loading font information for U+msb on input line 38.

("C:\Program Files (x86)\MiKTeX 2.9\tex\latex\amsfonts\umsb.fd"
File: umsb.fd 2013/01/14 v3.01 AMS symbols B
))
("C:\Users\Shim\Dropbox (MIT)\Research\Tracking\Git\Multi-Target-Tracking\LaTeX
\Content\chap2.tex")
("C:\Users\Shim\Dropbox (MIT)\Research\Tracking\Git\Multi-Target-Tracking\LaTeX
\Content\chap3.tex" [3] [4])
("C:\Users\Shim\Dropbox (MIT)\Research\Tracking\Git\Multi-Target-Tracking\LaTeX
\Content\chap4.tex" [5])
("C:\Users\Shim\Dropbox (MIT)\Research\Tracking\Git\Multi-Target-Tracking\LaTeX
\Content\chap5.tex" [6]
Underfull \vbox (badness 10000) has occurred while \output is active []

 [7])
("C:\Users\Shim\Dropbox (MIT)\Research\Tracking\Git\Multi-Target-Tracking\LaTeX
\Content\chap6.tex" [8])
("C:\Users\Shim\Dropbox (MIT)\Research\Tracking\Git\Multi-Target-Tracking\LaTeX
\Content\chap7.tex"
<../Figures//Sigma_vs_Rho.png, id=42, 1003.75pt x 702.625pt>
File: ../Figures//Sigma_vs_Rho.png Graphic file (type png)

<use ../Figures//Sigma_vs_Rho.png>
Package pdftex.def Info: ../Figures//Sigma_vs_Rho.png used on input line 21.
(pdftex.def)             Requested size: 252.0pt x 176.39557pt.
 [9]
<../Figures/Basic_Heuristic_Objective.png, id=47, 1003.75pt x 702.625pt>
File: ../Figures/Basic_Heuristic_Objective.png Graphic file (type png)

<use ../Figures/Basic_Heuristic_Objective.png>
Package pdftex.def Info: ../Figures/Basic_Heuristic_Objective.png used on input
 line 73.
(pdftex.def)             Requested size: 252.0pt x 176.39557pt.
 [10 <C:/Users/Shim/Dropbox (MIT)/Research/Tracking/Git/Multi-Target-Tracking/L
aTeX/Figures/Sigma_vs_Rho.png>]
<../Figures/Basic_Heuristic_Accuracy.png, id=52, 1003.75pt x 702.625pt>
File: ../Figures/Basic_Heuristic_Accuracy.png Graphic file (type png)

<use ../Figures/Basic_Heuristic_Accuracy.png>
Package pdftex.def Info: ../Figures/Basic_Heuristic_Accuracy.png used on input 
line 86.
(pdftex.def)             Requested size: 252.0pt x 176.39557pt.

<../Figures/Basic_Accuracy_Summary.png, id=53, 1003.75pt x 702.625pt>
File: ../Figures/Basic_Accuracy_Summary.png Graphic file (type png)

<use ../Figures/Basic_Accuracy_Summary.png>
Package pdftex.def Info: ../Figures/Basic_Accuracy_Summary.png used on input li
ne 100.
(pdftex.def)             Requested size: 252.0pt x 176.39557pt.
 [11 <C:/Users/Shim/Dropbox (MIT)/Research/Tracking/Git/Multi-Target-Tracking/L
aTeX/Figures/Basic_Heuristic_Objective.png> <C:/Users/Shim/Dropbox (MIT)/Resear
ch/Tracking/Git/Multi-Target-Tracking/LaTeX/Figures/Basic_Heuristic_Accuracy.pn
g> <C:/Users/Shim/Dropbox (MIT)/Research/Tracking/Git/Multi-Target-Tracking/LaT
eX/Figures/Basic_Accuracy_Summary.png>] <../Figures/Basic_Delta_Summary.png, id
=60, 1003.75pt x 702.625pt>
File: ../Figures/Basic_Delta_Summary.png Graphic file (type png)

<use ../Figures/Basic_Delta_Summary.png>
Package pdftex.def Info: ../Figures/Basic_Delta_Summary.png used on input line 
112.
(pdftex.def)             Requested size: 252.0pt x 176.39557pt.
 [12 <C:/Users/Shim/Dropbox (MIT)/Research/Tracking/Git/Multi-Target-Tracking/L
aTeX/Figures/Basic_Delta_Summary.png>]
<../Figures/4_8_Histogram.png, id=65, 1003.75pt x 702.625pt>
File: ../Figures/4_8_Histogram.png Graphic file (type png)

<use ../Figures/4_8_Histogram.png>
Package pdftex.def Info: ../Figures/4_8_Histogram.png used on input line 184.
(pdftex.def)             Requested size: 252.0pt x 176.39557pt.

<../Figures/8_8_Histogram.png, id=66, 1003.75pt x 702.625pt>
File: ../Figures/8_8_Histogram.png Graphic file (type png)

<use ../Figures/8_8_Histogram.png>
Package pdftex.def Info: ../Figures/8_8_Histogram.png used on input line 191.
(pdftex.def)             Requested size: 252.0pt x 176.39557pt.
 [13 <C:/Users/Shim/Dropbox (MIT)/Research/Tracking/Git/Multi-Target-Tracking/L
aTeX/Figures/4_8_Histogram.png> <C:/Users/Shim/Dropbox (MIT)/Research/Tracking/
Git/Multi-Target-Tracking/LaTeX/Figures/8_8_Histogram.png>] <../Figures/4_8_Acc
uracy.png, id=74, 1003.75pt x 702.625pt>
File: ../Figures/4_8_Accuracy.png Graphic file (type png)

<use ../Figures/4_8_Accuracy.png>
Package pdftex.def Info: ../Figures/4_8_Accuracy.png used on input line 202.
(pdftex.def)             Requested size: 252.0pt x 176.39557pt.

<../Figures/8_8_Accuracy.png, id=75, 1003.75pt x 702.625pt>
File: ../Figures/8_8_Accuracy.png Graphic file (type png)

<use ../Figures/8_8_Accuracy.png>
Package pdftex.def Info: ../Figures/8_8_Accuracy.png used on input line 209.
(pdftex.def)             Requested size: 252.0pt x 176.39557pt.

<../Figures/4_8_Delta.png, id=76, 1003.75pt x 702.625pt>
File: ../Figures/4_8_Delta.png Graphic file (type png)

<use ../Figures/4_8_Delta.png>
Package pdftex.def Info: ../Figures/4_8_Delta.png used on input line 225.
(pdftex.def)             Requested size: 252.0pt x 176.39557pt.

<../Figures/8_8_Delta.png, id=77, 1003.75pt x 702.625pt>
File: ../Figures/8_8_Delta.png Graphic file (type png)

<use ../Figures/8_8_Delta.png>
Package pdftex.def Info: ../Figures/8_8_Delta.png used on input line 232.
(pdftex.def)             Requested size: 252.0pt x 176.39557pt.
) [14 <C:/Users/Shim/Dropbox (MIT)/Research/Tracking/Git/Multi-Target-Tracking/
LaTeX/Figures/4_8_Accuracy.png> <C:/Users/Shim/Dropbox (MIT)/Research/Tracking/
Git/Multi-Target-Tracking/LaTeX/Figures/8_8_Accuracy.png> <C:/Users/Shim/Dropbo
x (MIT)/Research/Tracking/Git/Multi-Target-Tracking/LaTeX/Figures/4_8_Delta.png
>]
("C:\Users\Shim\Dropbox (MIT)\Research\Tracking\Git\Multi-Target-Tracking\LaTeX
\Content\chap8.tex")
("C:\Users\Shim\Dropbox (MIT)\Research\Tracking\Git\Multi-Target-Tracking\LaTeX
\Content\appa.tex" [15 <C:/Users/Shim/Dropbox (MIT)/Research/Tracking/Git/Multi
-Target-Tracking/LaTeX/Figures/8_8_Delta.png>])
("C:\Users\Shim\Dropbox (MIT)\Research\Tracking\Git\Multi-Target-Tracking\LaTeX
\Content\appb.tex")
Underfull \hbox (badness 1817) in paragraph at lines 128--129
[]\OT1/ptm/m/n/10 CONTRACT AC-KNOWL-EDG-MENT: This ma-te-rial is
 []


("C:\Users\Shim\Dropbox (MIT)\Research\Tracking\Git\Multi-Target-Tracking\LaTeX
\IEEE\IEEE_paper - new.bbl" [16]
Missing character: There is no Ã in font ptmr7t!
Missing character: There is no ¼ in font ptmr7t!

Underfull \hbox (badness 10000) in paragraph at lines 123--126
[]\OT1/ptm/m/n/8 G. Nemhauser, ``In-te-ger pro-gram-ming: Global im-pact,'' $ht
tps :$
 []


Underfull \hbox (badness 10000) in paragraph at lines 123--126
$\OT1/ptm/m/n/8 / / smartech . gatech . edu / bitstream / handle / 1853 / 49829
 / presentation . pdf$,
 []

) [17

]
("C:\Users\Shim\Dropbox (MIT)\Research\Tracking\Git\Multi-Target-Tracking\LaTeX
\IEEE\IEEE_paper - new.aux") ) 
Here is how much of TeX's memory you used:
 5379 strings out of 493921
 86443 string characters out of 3144879
 158541 words of memory out of 3000000
 8542 multiletter control sequences out of 15000+200000
 46547 words of font info for 97 fonts, out of 3000000 for 9000
 841 hyphenation exceptions out of 8191
 36i,19n,38p,1532b,661s stack positions out of 5000i,500n,10000p,200000b,50000s
{C:/Program Files (x86)/MiKTeX 2.9/fonts/enc/dvip
s/fontname/8r.enc}<C:/Program Files (x86)/MiKTeX 2.9/fonts/type1/public/amsfont
s/cm/cmbsy10.pfb><C:/Program Files (x86)/MiKTeX 2.9/fonts/type1/public/amsfonts
/cm/cmex10.pfb><C:/Program Files (x86)/MiKTeX 2.9/fonts/type1/public/amsfonts/c
m/cmmi10.pfb><C:/Program Files (x86)/MiKTeX 2.9/fonts/type1/public/amsfonts/cm/
cmmi5.pfb><C:/Program Files (x86)/MiKTeX 2.9/fonts/type1/public/amsfonts/cm/cmm
i7.pfb><C:/Program Files (x86)/MiKTeX 2.9/fonts/type1/public/amsfonts/cm/cmmi8.
pfb><C:/Program Files (x86)/MiKTeX 2.9/fonts/type1/public/amsfonts/cm/cmr10.pfb
><C:/Program Files (x86)/MiKTeX 2.9/fonts/type1/public/amsfonts/cm/cmr5.pfb><C:
/Program Files (x86)/MiKTeX 2.9/fonts/type1/public/amsfonts/cm/cmr7.pfb><C:/Pro
gram Files (x86)/MiKTeX 2.9/fonts/type1/public/amsfonts/cm/cmsy10.pfb><C:/Progr
am Files (x86)/MiKTeX 2.9/fonts/type1/public/amsfonts/cm/cmsy7.pfb><C:/Program 
Files (x86)/MiKTeX 2.9/fonts/type1/public/amsfonts/symbols/msbm10.pfb><C:/Progr
am Files (x86)/MiKTeX 2.9/fonts/type1/urw/times/utmb8a.pfb><C:/Program Files (x
86)/MiKTeX 2.9/fonts/type1/urw/times/utmbi8a.pfb><C:/Program Files (x86)/MiKTeX
 2.9/fonts/type1/urw/times/utmr8a.pfb><C:/Program Files (x86)/MiKTeX 2.9/fonts/
type1/urw/times/utmri8a.pfb>
Output written on "IEEE_paper - new.pdf" (17 pages, 1741910 bytes).
PDF statistics:
 145 PDF objects out of 1000 (max. 8388607)
 0 named destinations out of 1000 (max. 500000)
 56 words of extra memory for PDF output out of 10000 (max. 10000000)

