This is pdfTeX, Version 3.14159265-2.6-1.40.15 (TeX Live 2014) (preloaded format=pdflatex 2014.5.25)  6 MAY 2016 01:32
entering extended mode
 restricted \write18 enabled.
 file:line:error style messages enabled.
 %&-line parsing enabled.
**main.tex
(./main.tex
LaTeX2e <2014/05/01>
Babel <3.9k> and hyphenation patterns for 78 languages loaded.
(./mitthesis.cls
Document Class: mitthesis 1999/10/20
\vithesis=\count79
Intentionally Leaving Pages Blank
(/usr/local/texlive/2014/texmf-dist/tex/latex/base/report.cls
Document Class: report 2007/10/19 v1.4h Standard LaTeX document class
(/usr/local/texlive/2014/texmf-dist/tex/latex/base/size12.clo
File: size12.clo 2007/10/19 v1.4h Standard LaTeX file (size option)
)
\c@part=\count80
\c@chapter=\count81
\c@section=\count82
\c@subsection=\count83
\c@subsubsection=\count84
\c@paragraph=\count85
\c@subparagraph=\count86
\c@figure=\count87
\c@table=\count88
\abovecaptionskip=\skip41
\belowcaptionskip=\skip42
\bibindent=\dimen102
)
(/usr/local/texlive/2014/texmf-dist/tex/latex/setspace/setspace.sty
Package: setspace 2011/12/19 v6.7a set line spacing
)
Thesis document copyright MIT unless otherwise (manually) specified
\@titlesupervisor=\box26
\@abstractsupervisor=\box27
\c@savepage=\count89
) (./lgrind.sty
Package: lgrind 1997/01/30 v3.4 LGrind environment and supporting stuff
\lc@unt=\count90
\ln@xt=\count91
\LGnuminterval=\count92
\LGindent=\skip43
\LGsloppy=\skip44
\procbox=\box28
\ls@far=\box29
\tb@x=\box30
\TBw@d=\dimen103
\@ts=\dimen104
) (/usr/local/texlive/2014/texmf-dist/tex/latex/cmap/cmap.sty
Package: cmap 2008/03/06 v1.0h CMap support: searchable PDF
)
(/usr/local/texlive/2014/texmf-dist/tex/latex/base/fontenc.sty
Package: fontenc 2005/09/27 v1.99g Standard LaTeX package

(/usr/local/texlive/2014/texmf-dist/tex/latex/base/t1enc.def
File: t1enc.def 2005/09/27 v1.99g Standard LaTeX file
LaTeX Font Info:    Redeclaring font encoding T1 on input line 43.
)<<t1.cmap>>)
(/usr/local/texlive/2014/texmf-dist/tex/latex/algorithms/algorithm.sty
Package: algorithm 2009/08/24 v0.1 Document Style `algorithm' - floating enviro
nment

(/usr/local/texlive/2014/texmf-dist/tex/latex/float/float.sty
Package: float 2001/11/08 v1.3d Float enhancements (AL)
\c@float@type=\count93
\float@exts=\toks14
\float@box=\box31
\@float@everytoks=\toks15
\@floatcapt=\box32
)
(/usr/local/texlive/2014/texmf-dist/tex/latex/base/ifthen.sty
Package: ifthen 2001/05/26 v1.1c Standard LaTeX ifthen package (DPC)
)
\@float@every@algorithm=\toks16
\c@algorithm=\count94
)
(/usr/local/texlive/2014/texmf-dist/tex/latex/algorithms/algorithmic.sty
Package: algorithmic 2009/08/24 v0.1 Document Style `algorithmic'

(/usr/local/texlive/2014/texmf-dist/tex/latex/graphics/keyval.sty
Package: keyval 2014/05/08 v1.15 key=value parser (DPC)
\KV@toks@=\toks17
)
\c@ALC@unique=\count95
\c@ALC@line=\count96
\c@ALC@rem=\count97
\c@ALC@depth=\count98
\ALC@tlm=\skip45
\algorithmicindent=\skip46
)
(/usr/local/texlive/2014/texmf-dist/tex/latex/amsmath/amsmath.sty
Package: amsmath 2013/01/14 v2.14 AMS math features
\@mathmargin=\skip47

For additional information on amsmath, use the `?' option.
(/usr/local/texlive/2014/texmf-dist/tex/latex/amsmath/amstext.sty
Package: amstext 2000/06/29 v2.01

(/usr/local/texlive/2014/texmf-dist/tex/latex/amsmath/amsgen.sty
File: amsgen.sty 1999/11/30 v2.0
\@emptytoks=\toks18
\ex@=\dimen105
))
(/usr/local/texlive/2014/texmf-dist/tex/latex/amsmath/amsbsy.sty
Package: amsbsy 1999/11/29 v1.2d
\pmbraise@=\dimen106
)
(/usr/local/texlive/2014/texmf-dist/tex/latex/amsmath/amsopn.sty
Package: amsopn 1999/12/14 v2.01 operator names
)
\inf@bad=\count99
LaTeX Info: Redefining \frac on input line 210.
\uproot@=\count100
\leftroot@=\count101
LaTeX Info: Redefining \overline on input line 306.
\classnum@=\count102
\DOTSCASE@=\count103
LaTeX Info: Redefining \ldots on input line 378.
LaTeX Info: Redefining \dots on input line 381.
LaTeX Info: Redefining \cdots on input line 466.
\Mathstrutbox@=\box33
\strutbox@=\box34
\big@size=\dimen107
LaTeX Font Info:    Redeclaring font encoding OML on input line 566.
LaTeX Font Info:    Redeclaring font encoding OMS on input line 567.
\macc@depth=\count104
\c@MaxMatrixCols=\count105
\dotsspace@=\muskip10
\c@parentequation=\count106
\dspbrk@lvl=\count107
\tag@help=\toks19
\row@=\count108
\column@=\count109
\maxfields@=\count110
\andhelp@=\toks20
\eqnshift@=\dimen108
\alignsep@=\dimen109
\tagshift@=\dimen110
\tagwidth@=\dimen111
\totwidth@=\dimen112
\lineht@=\dimen113
\@envbody=\toks21
\multlinegap=\skip48
\multlinetaggap=\skip49
\mathdisplay@stack=\toks22
LaTeX Info: Redefining \[ on input line 2665.
LaTeX Info: Redefining \] on input line 2666.
)
(/usr/local/texlive/2014/texmf-dist/tex/latex/amsfonts/amssymb.sty
Package: amssymb 2013/01/14 v3.01 AMS font symbols

(/usr/local/texlive/2014/texmf-dist/tex/latex/amsfonts/amsfonts.sty
Package: amsfonts 2013/01/14 v3.01 Basic AMSFonts support
\symAMSa=\mathgroup4
\symAMSb=\mathgroup5
LaTeX Font Info:    Overwriting math alphabet `\mathfrak' in version `bold'
(Font)                  U/euf/m/n --> U/euf/b/n on input line 106.
))
(/usr/local/texlive/2014/texmf-dist/tex/latex/amscls/amsthm.sty
Package: amsthm 2004/08/06 v2.20
\thm@style=\toks23
\thm@bodyfont=\toks24
\thm@headfont=\toks25
\thm@notefont=\toks26
\thm@headpunct=\toks27
\thm@preskip=\skip50
\thm@postskip=\skip51
\thm@headsep=\skip52
\dth@everypar=\toks28
)
\c@assumption=\count111

(/usr/local/texlive/2014/texmf-dist/tex/latex/booktabs/booktabs.sty
Package: booktabs 2005/04/14 v1.61803 publication quality tables
\heavyrulewidth=\dimen114
\lightrulewidth=\dimen115
\cmidrulewidth=\dimen116
\belowrulesep=\dimen117
\belowbottomsep=\dimen118
\aboverulesep=\dimen119
\abovetopsep=\dimen120
\cmidrulesep=\dimen121
\cmidrulekern=\dimen122
\defaultaddspace=\dimen123
\@cmidla=\count112
\@cmidlb=\count113
\@aboverulesep=\dimen124
\@belowrulesep=\dimen125
\@thisruleclass=\count114
\@lastruleclass=\count115
\@thisrulewidth=\dimen126
)
(/usr/local/texlive/2014/texmf-dist/tex/latex/cite/cite.sty
LaTeX Info: Redefining \cite on input line 302.
LaTeX Info: Redefining \nocite on input line 373.
Package: cite 2010/09/10  v 5.3
)
(/usr/local/texlive/2014/texmf-dist/tex/latex/caption/caption.sty
Package: caption 2013/05/02 v3.3-89 Customizing captions (AR)

(/usr/local/texlive/2014/texmf-dist/tex/latex/caption/caption3.sty
Package: caption3 2013/05/02 v1.6-88 caption3 kernel (AR)
Package caption3 Info: TeX engine: e-TeX on input line 57.
\captionmargin=\dimen127
\captionmargin@=\dimen128
\captionwidth=\dimen129
\caption@tempdima=\dimen130
\caption@indent=\dimen131
\caption@parindent=\dimen132
\caption@hangindent=\dimen133
)
\c@ContinuedFloat=\count116
Package caption Info: float package is loaded.
)
(/usr/local/texlive/2014/texmf-dist/tex/latex/graphics/color.sty
Package: color 2014/04/23 v1.1a Standard LaTeX Color (DPC)

(/usr/local/texlive/2014/texmf-dist/tex/latex/latexconfig/color.cfg
File: color.cfg 2007/01/18 v1.5 color configuration of teTeX/TeXLive
)
Package color Info: Driver file: pdftex.def on input line 137.

(/usr/local/texlive/2014/texmf-dist/tex/latex/pdftex-def/pdftex.def
File: pdftex.def 2011/05/27 v0.06d Graphics/color for pdfTeX

(/usr/local/texlive/2014/texmf-dist/tex/generic/oberdiek/infwarerr.sty
Package: infwarerr 2010/04/08 v1.3 Providing info/warning/error messages (HO)
)
(/usr/local/texlive/2014/texmf-dist/tex/generic/oberdiek/ltxcmds.sty
Package: ltxcmds 2011/11/09 v1.22 LaTeX kernel commands for general use (HO)
)
\Gread@gobject=\count117
))
(/usr/local/texlive/2014/texmf-dist/tex/latex/tools/enumerate.sty
Package: enumerate 1999/03/05 v3.00 enumerate extensions (DPC)
\@enLab=\toks29
)
(/usr/local/texlive/2014/texmf-dist/tex/latex/tools/indentfirst.sty
Package: indentfirst 1995/11/23 v1.03 Indent first paragraph (DPC)
)
(/usr/local/texlive/2014/texmf-dist/tex/latex/tools/longtable.sty
Package: longtable 2004/02/01 v4.11 Multi-page Table package (DPC)
\LTleft=\skip53
\LTright=\skip54
\LTpre=\skip55
\LTpost=\skip56
\LTchunksize=\count118
\LTcapwidth=\dimen134
\LT@head=\box35
\LT@firsthead=\box36
\LT@foot=\box37
\LT@lastfoot=\box38
\LT@cols=\count119
\LT@rows=\count120
\c@LT@tables=\count121
\c@LT@chunks=\count122
\LT@p@ftn=\toks30
)
(/usr/local/texlive/2014/texmf-dist/tex/latex/mh/mathtools.sty
Package: mathtools 2014/05/21 v1.14 mathematical typesetting tools

(/usr/local/texlive/2014/texmf-dist/tex/latex/tools/calc.sty
Package: calc 2007/08/22 v4.3 Infix arithmetic (KKT,FJ)
\calc@Acount=\count123
\calc@Bcount=\count124
\calc@Adimen=\dimen135
\calc@Bdimen=\dimen136
\calc@Askip=\skip57
\calc@Bskip=\skip58
LaTeX Info: Redefining \setlength on input line 75.
LaTeX Info: Redefining \addtolength on input line 76.
\calc@Ccount=\count125
\calc@Cskip=\skip59
)
(/usr/local/texlive/2014/texmf-dist/tex/latex/mh/mhsetup.sty
Package: mhsetup 2010/01/21 v1.2a programming setup (MH)
)
LaTeX Info: Thecontrolsequence`\['isalreadyrobust on input line 129.
LaTeX Info: Thecontrolsequence`\]'isalreadyrobust on input line 129.
\g_MT_multlinerow_int=\count126
\l_MT_multwidth_dim=\dimen137
\origjot=\skip60
\l_MT_shortvdotswithinadjustabove_dim=\dimen138
\l_MT_shortvdotswithinadjustbelow_dim=\dimen139
\l_MT_above_intertext_sep=\dimen140
\l_MT_below_intertext_sep=\dimen141
\l_MT_above_shortintertext_sep=\dimen142
\l_MT_below_shortintertext_sep=\dimen143
)
(/usr/local/texlive/2014/texmf-dist/tex/latex/multirow/multirow.sty
\bigstrutjot=\dimen144
)
(/usr/local/texlive/2014/texmf-dist/tex/latex/url/url.sty
\Urlmuskip=\muskip11
Package: url 2013/09/16  ver 3.4  Verb mode for urls, etc.
)
Enter file names to process, (chap1,chap2 ...), or `all' to process all files:

\files=all
Including all files.
(./main.aux (./cover.aux) (./contents.aux)

LaTeX Warning: Label `eq:all_targets' multiply defined.

(./biblio.aux))
\openout1 = `main.aux'.

LaTeX Font Info:    Checking defaults for OML/cmm/m/it on input line 67.
LaTeX Font Info:    ... okay on input line 67.
LaTeX Font Info:    Checking defaults for T1/cmr/m/n on input line 67.
LaTeX Font Info:    ... okay on input line 67.
LaTeX Font Info:    Checking defaults for OT1/cmr/m/n on input line 67.
LaTeX Font Info:    ... okay on input line 67.
LaTeX Font Info:    Checking defaults for OMS/cmsy/m/n on input line 67.
LaTeX Font Info:    ... okay on input line 67.
LaTeX Font Info:    Checking defaults for OMX/cmex/m/n on input line 67.
LaTeX Font Info:    ... okay on input line 67.
LaTeX Font Info:    Checking defaults for U/cmr/m/n on input line 67.
LaTeX Font Info:    ... okay on input line 67.
Package caption Info: Begin \AtBeginDocument code.
Package caption Info: longtable package is loaded.

(/usr/local/texlive/2014/texmf-dist/tex/latex/caption/ltcaption.sty
Package: ltcaption 2013/02/03 v1.3-62 longtable captions (AR)
)
Package caption Info: End \AtBeginDocument code.

(/usr/local/texlive/2014/texmf-dist/tex/context/base/supp-pdf.mkii
[Loading MPS to PDF converter (version 2006.09.02).]
\scratchcounter=\count127
\scratchdimen=\dimen145
\scratchbox=\box39
\nofMPsegments=\count128
\nofMParguments=\count129
\everyMPshowfont=\toks31
\MPscratchCnt=\count130
\MPscratchDim=\dimen146
\MPnumerator=\count131
\makeMPintoPDFobject=\count132
\everyMPtoPDFconversion=\toks32
) (/usr/local/texlive/2014/texmf-dist/tex/latex/graphics/graphicx.sty
Package: graphicx 2014/04/25 v1.0g Enhanced LaTeX Graphics (DPC,SPQR)

(/usr/local/texlive/2014/texmf-dist/tex/latex/graphics/graphics.sty
Package: graphics 2009/02/05 v1.0o Standard LaTeX Graphics (DPC,SPQR)

(/usr/local/texlive/2014/texmf-dist/tex/latex/graphics/trig.sty
Package: trig 1999/03/16 v1.09 sin cos tan (DPC)
)
(/usr/local/texlive/2014/texmf-dist/tex/latex/latexconfig/graphics.cfg
File: graphics.cfg 2010/04/23 v1.9 graphics configuration of TeX Live
)
Package graphics Info: Driver file: pdftex.def on input line 91.
)
(/usr/local/texlive/2014/texmf-dist/tex/generic/oberdiek/pdftexcmds.sty
Package: pdftexcmds 2011/11/29 v0.20 Utility functions of pdfTeX for LuaTeX (HO
)

(/usr/local/texlive/2014/texmf-dist/tex/generic/oberdiek/ifluatex.sty
Package: ifluatex 2010/03/01 v1.3 Provides the ifluatex switch (HO)
Package ifluatex Info: LuaTeX not detected.
)
(/usr/local/texlive/2014/texmf-dist/tex/generic/oberdiek/ifpdf.sty
Package: ifpdf 2011/01/30 v2.3 Provides the ifpdf switch (HO)
Package ifpdf Info: pdfTeX in PDF mode is detected.
)
Package pdftexcmds Info: LuaTeX not detected.
Package pdftexcmds Info: \pdf@primitive is available.
Package pdftexcmds Info: \pdf@ifprimitive is available.
Package pdftexcmds Info: \pdfdraftmode found.
)
(/usr/local/texlive/2014/texmf-dist/tex/latex/oberdiek/epstopdf-base.sty
Package: epstopdf-base 2010/02/09 v2.5 Base part for package epstopdf

(/usr/local/texlive/2014/texmf-dist/tex/latex/oberdiek/grfext.sty
Package: grfext 2010/08/19 v1.1 Manage graphics extensions (HO)

(/usr/local/texlive/2014/texmf-dist/tex/generic/oberdiek/kvdefinekeys.sty
Package: kvdefinekeys 2011/04/07 v1.3 Define keys (HO)
))
(/usr/local/texlive/2014/texmf-dist/tex/latex/oberdiek/kvoptions.sty
Package: kvoptions 2011/06/30 v3.11 Key value format for package options (HO)

(/usr/local/texlive/2014/texmf-dist/tex/generic/oberdiek/kvsetkeys.sty
Package: kvsetkeys 2012/04/25 v1.16 Key value parser (HO)

(/usr/local/texlive/2014/texmf-dist/tex/generic/oberdiek/etexcmds.sty
Package: etexcmds 2011/02/16 v1.5 Avoid name clashes with e-TeX commands (HO)
Package etexcmds Info: Could not find \expanded.
(etexcmds)             That can mean that you are not using pdfTeX 1.50 or
(etexcmds)             that some package has redefined \expanded.
(etexcmds)             In the latter case, load this package earlier.
)))
Package grfext Info: Graphics extension search list:
(grfext)             [.png,.pdf,.jpg,.mps,.jpeg,.jbig2,.jb2,.PNG,.PDF,.JPG,.JPE
G,.JBIG2,.JB2,.eps]
(grfext)             \AppendGraphicsExtensions on input line 452.

(/usr/local/texlive/2014/texmf-dist/tex/latex/latexconfig/epstopdf-sys.cfg
File: epstopdf-sys.cfg 2010/07/13 v1.3 Configuration of (r)epstopdf for TeX Liv
e
))
\Gin@req@height=\dimen147
\Gin@req@width=\dimen148
)
\openout2 = `cover.aux'.


(./cover.tex
LaTeX Font Info:    Try loading font information for OMS+cmr on input line 95.
 (/usr/local/texlive/2014/texmf-dist/tex/latex/base/omscmr.fd
File: omscmr.fd 1999/05/25 v2.5h Standard LaTeX font definitions
)
LaTeX Font Info:    Font shape `OMS/cmr/m/n' in size <14.4> not available
(Font)              Font shape `OMS/cmsy/m/n' tried instead on input line 95.
<<oms.cmap>> [1



{/usr/local/texlive/2014/texmf-var/fonts/map/pdftex/updmap/pdftex.map}] [2

] (../Content/abstract.tex) [3

] [4

] (../Content/Thesis_Acknowledgment.tex
Underfull \vbox (badness 4229) has occurred while \output is active []

 [5]))
[6]
\openout2 = `contents.aux'.

 (./contents.tex (./main.toc<<ot1.cmap>><<oml.cmap>><<omx.cmap>>
LaTeX Font Info:    Try loading font information for U+msa on input line 4.

(/usr/local/texlive/2014/texmf-dist/tex/latex/amsfonts/umsa.fd
File: umsa.fd 2013/01/14 v3.01 AMS symbols A
)
LaTeX Font Info:    Try loading font information for U+msb on input line 4.

(/usr/local/texlive/2014/texmf-dist/tex/latex/amsfonts/umsb.fd
File: umsb.fd 2013/01/14 v3.01 AMS symbols B
) [7



])
\tf@toc=\write3
\openout3 = `main.toc'.

 [8]
(./main.lof)
\tf@lof=\write4
\openout4 = `main.lof'.

 [9

] [10

] (./main.lot)
\tf@lot=\write5
\openout5 = `main.lot'.

) [11] [12


]
Chapter 1.
(../Content/chap1.tex [13]
Underfull \vbox (badness 1675) has occurred while \output is active []

 [14]
[15]
Underfull \vbox (badness 5652) has occurred while \output is active []

 [16]
[17]

LaTeX Warning: Reference `ch:Robust MIO Model' on page 18 undefined on input li
ne 35.

) [18]
Chapter 2.
(../Content/chap2.tex

LaTeX Warning: Reference `ch:Robust MIO Model' on page 19 undefined on input li
ne 5.

[19

]) [20]
Chapter 3.
(../Content/chap3.tex
Underfull \vbox (badness 1052) has occurred while \output is active []

 [21

]
Underfull \vbox (badness 10000) has occurred while \output is active []

 [22]
Underfull \vbox (badness 10000) has occurred while \output is active []

 [23]
Underfull \vbox (badness 10000) has occurred while \output is active []

 [24]
Underfull \vbox (badness 10000) has occurred while \output is active []

 [25]
[26]
Underfull \vbox (badness 10000) has occurred while \output is active []

 [27]

LaTeX Warning: Reference `ch:Robust MIO Model' on page 28 undefined on input li
ne 140.

) [28]
Chapter 4.
(../Content/chap4.tex [29

] [30])
Underfull \vbox (badness 1675) has occurred while \output is active []

 [31]
(../Content/chap5.tex [32]
Underfull \vbox (badness 4981) has occurred while \output is active []

 [33]
Underfull \vbox (badness 5475) has occurred while \output is active []

 [34]
Underfull \vbox (badness 10000) has occurred while \output is active []

 [35]
[36]
Underfull \vbox (badness 5622) has occurred while \output is active []

 [37]
Underfull \vbox (badness 10000) has occurred while \output is active []

 [38]
Underfull \vbox (badness 10000) has occurred while \output is active []

 [39])
Underfull \vbox (badness 10000) has occurred while \output is active []

 [40]
[41] [42

]
Chapter 5.
(../Content/chap6.tex [43]
Underfull \vbox (badness 10000) has occurred while \output is active []

 [44]
[45]) [46]
Chapter 6.
(../Content/chap7.tex
Underfull \vbox (badness 10000) has occurred while \output is active []

 [47

]
[48] <../Figures//Sigma_vs_Rho.pdf, id=180, 1011.78pt x 867.24pt>
File: ../Figures//Sigma_vs_Rho.pdf Graphic file (type pdf)

<use ../Figures//Sigma_vs_Rho.pdf>
Package pdftex.def Info: ../Figures//Sigma_vs_Rho.pdf used on input line 20.
(pdftex.def)             Requested size: 433.62pt x 371.67526pt.
 [49 <../Figures//Sigma_vs_Rho.pdf>] [50]
Underfull \vbox (badness 5652) has occurred while \output is active []

 [51]
<../Figures/Basic_Heuristic_Objective.pdf, id=199, 1011.78pt x 867.24pt>
File: ../Figures/Basic_Heuristic_Objective.pdf Graphic file (type pdf)

<use ../Figures/Basic_Heuristic_Objective.pdf>
Package pdftex.def Info: ../Figures/Basic_Heuristic_Objective.pdf used on input
 line 72.
(pdftex.def)             Requested size: 433.62pt x 371.67526pt.
 [52 <../Figures/Basic_Heuristic_Objective.pdf>]
<../Figures/Basic_Heuristic_Accuracy.pdf, id=209, 1011.78pt x 867.24pt>
File: ../Figures/Basic_Heuristic_Accuracy.pdf Graphic file (type pdf)

<use ../Figures/Basic_Heuristic_Accuracy.pdf>
Package pdftex.def Info: ../Figures/Basic_Heuristic_Accuracy.pdf used on input 
line 85.
(pdftex.def)             Requested size: 433.62pt x 371.67526pt.

Underfull \vbox (badness 10000) has occurred while \output is active []

 [53]
<../Figures/Basic_Accuracy_Summary.pdf, id=213, 1011.78pt x 867.24pt>
File: ../Figures/Basic_Accuracy_Summary.pdf Graphic file (type pdf)

<use ../Figures/Basic_Accuracy_Summary.pdf>
Package pdftex.def Info: ../Figures/Basic_Accuracy_Summary.pdf used on input li
ne 99.
(pdftex.def)             Requested size: 433.62pt x 371.67526pt.

Underfull \vbox (badness 10000) has occurred while \output is active []

 [54 <../Figures/Basic_Heuristic_Accuracy.pdf>]
Underfull \vbox (badness 6396) has occurred while \output is active []

 [55 <../Figures/Basic_Accuracy_Summary.pdf>]
<../Figures/Basic_Delta_Summary.pdf, id=233, 1011.78pt x 867.24pt>
File: ../Figures/Basic_Delta_Summary.pdf Graphic file (type pdf)

<use ../Figures/Basic_Delta_Summary.pdf>
Package pdftex.def Info: ../Figures/Basic_Delta_Summary.pdf used on input line 
111.
(pdftex.def)             Requested size: 433.62pt x 371.67526pt.

Underfull \vbox (badness 1675) has occurred while \output is active []

 [56]
Underfull \vbox (badness 10000) has occurred while \output is active []

 [57 <../Figures/Basic_Delta_Summary.pdf>]
Underfull \vbox (badness 7981) has occurred while \output is active []

 [58]
[59] <../Figures/4_8_Histogram.pdf, id=252, 1011.78pt x 867.24pt>
File: ../Figures/4_8_Histogram.pdf Graphic file (type pdf)

<use ../Figures/4_8_Histogram.pdf>
Package pdftex.def Info: ../Figures/4_8_Histogram.pdf used on input line 185.
(pdftex.def)             Requested size: 433.62pt x 371.67526pt.

<../Figures/8_8_Histogram.pdf, id=253, 1011.78pt x 867.24pt>
File: ../Figures/8_8_Histogram.pdf Graphic file (type pdf)

<use ../Figures/8_8_Histogram.pdf>
Package pdftex.def Info: ../Figures/8_8_Histogram.pdf used on input line 192.
(pdftex.def)             Requested size: 433.62pt x 371.67526pt.
 [60]
Underfull \vbox (badness 10000) has occurred while \output is active []

 [61 <../Figures/4_8_Histogram.pdf>]
<../Figures/4_8_Accuracy.pdf, id=267, 1011.78pt x 867.24pt>
File: ../Figures/4_8_Accuracy.pdf Graphic file (type pdf)

<use ../Figures/4_8_Accuracy.pdf>
Package pdftex.def Info: ../Figures/4_8_Accuracy.pdf used on input line 203.
(pdftex.def)             Requested size: 433.62pt x 371.67526pt.
 [62 <../Figures/8_8_Histogram.pdf>]
<../Figures/8_8_Accuracy.pdf, id=277, 1011.78pt x 867.24pt>
File: ../Figures/8_8_Accuracy.pdf Graphic file (type pdf)

<use ../Figures/8_8_Accuracy.pdf>
Package pdftex.def Info: ../Figures/8_8_Accuracy.pdf used on input line 210.
(pdftex.def)             Requested size: 433.62pt x 371.67526pt.
 [63 <../Figures/4_8_Accuracy.pdf>]
Underfull \vbox (badness 6396) has occurred while \output is active []

 [64 <../Figures/8_8_Accuracy.pdf>]
<../Figures/4_8_Delta.pdf, id=296, 1011.78pt x 867.24pt>
File: ../Figures/4_8_Delta.pdf Graphic file (type pdf)

<use ../Figures/4_8_Delta.pdf>
Package pdftex.def Info: ../Figures/4_8_Delta.pdf used on input line 226.
(pdftex.def)             Requested size: 433.62pt x 371.67526pt.

<../Figures/8_8_Delta.pdf, id=297, 1011.78pt x 867.24pt>
File: ../Figures/8_8_Delta.pdf Graphic file (type pdf)

<use ../Figures/8_8_Delta.pdf>
Package pdftex.def Info: ../Figures/8_8_Delta.pdf used on input line 233.
(pdftex.def)             Requested size: 433.62pt x 371.67526pt.
) [65] [66 <../Figures/4_8_Delta.pdf>] [67 <../Figures/8_8_Delta.pdf>] [68

]
Chapter 7.
(../Content/chap8.tex

LaTeX Warning: Reference `ass:general_assumptions' on page 69 undefined on inpu
t line 3.

) [69] [70

]
Appendix A.
(../Content/appa.tex
Underfull \vbox (badness 10000) has occurred while \output is active []

 [71]
Underfull \vbox (badness 10000) has occurred while \output is active []

 [72])
[73] [74

]
Appendix B.
(../Content/appb.tex

LaTeX Warning: Float too large for page by 317.76898pt on input line 89.

) [75] [76]
\openout2 = `biblio.aux'.

 (./biblio.tex (./main.bbl
LaTeX Font Info:    Try loading font information for T1+cmtt on input line 28.

(/usr/local/texlive/2014/texmf-dist/tex/latex/base/t1cmtt.fd
File: t1cmtt.fd 1999/05/25 v2.5h Standard LaTeX font definitions
) [77


])) [78]
(./main.aux (./cover.aux) (./contents.aux) (./biblio.aux))

LaTeX Warning: There were undefined references.


LaTeX Warning: There were multiply-defined labels.

 ) 
Here is how much of TeX's memory you used:
 5491 strings out of 493117
 80486 string characters out of 6135433
 154093 words of memory out of 5000000
 8683 multiletter control sequences out of 15000+600000
 23562 words of font info for 61 fonts, out of 8000000 for 9000
 1141 hyphenation exceptions out of 8191
 51i,19n,38p,1813b,816s stack positions out of 5000i,500n,10000p,200000b,80000s
{/usr/local/texlive/2014/texmf-dist/fonts/enc/dvips/cm-super/cm-super-t1.enc}
</usr/local/texlive/2014/texmf-dist/fonts/type1/public/amsfonts/cm/cmbsy10.pfb>
</usr/local/texlive/2014/texmf-dist/fonts/type1/public/amsfonts/cm/cmex10.pfb><
/usr/local/texlive/2014/texmf-dist/fonts/type1/public/amsfonts/cm/cmmi12.pfb></
usr/local/texlive/2014/texmf-dist/fonts/type1/public/amsfonts/cm/cmmi6.pfb></us
r/local/texlive/2014/texmf-dist/fonts/type1/public/amsfonts/cm/cmmi8.pfb></usr/
local/texlive/2014/texmf-dist/fonts/type1/public/amsfonts/cm/cmr12.pfb></usr/lo
cal/texlive/2014/texmf-dist/fonts/type1/public/amsfonts/cm/cmr6.pfb></usr/local
/texlive/2014/texmf-dist/fonts/type1/public/amsfonts/cm/cmr8.pfb></usr/local/te
xlive/2014/texmf-dist/fonts/type1/public/amsfonts/cm/cmsy10.pfb></usr/local/tex
live/2014/texmf-dist/fonts/type1/public/amsfonts/cm/cmsy8.pfb></usr/local/texli
ve/2014/texmf-dist/fonts/type1/public/amsfonts/symbols/msbm10.pfb></usr/local/t
exlive/2014/texmf-dist/fonts/type1/public/cm-super/sfbx1200.pfb></usr/local/tex
live/2014/texmf-dist/fonts/type1/public/cm-super/sfbx1440.pfb></usr/local/texli
ve/2014/texmf-dist/fonts/type1/public/cm-super/sfbx1728.pfb></usr/local/texlive
/2014/texmf-dist/fonts/type1/public/cm-super/sfbx2488.pfb></usr/local/texlive/2
014/texmf-dist/fonts/type1/public/cm-super/sfrm0600.pfb></usr/local/texlive/201
4/texmf-dist/fonts/type1/public/cm-super/sfrm0800.pfb></usr/local/texlive/2014/
texmf-dist/fonts/type1/public/cm-super/sfrm1000.pfb></usr/local/texlive/2014/te
xmf-dist/fonts/type1/public/cm-super/sfrm1200.pfb></usr/local/texlive/2014/texm
f-dist/fonts/type1/public/cm-super/sfrm1440.pfb></usr/local/texlive/2014/texmf-
dist/fonts/type1/public/cm-super/sfrm1728.pfb></usr/local/texlive/2014/texmf-di
st/fonts/type1/public/cm-super/sfti1200.pfb></usr/local/texlive/2014/texmf-dist
/fonts/type1/public/cm-super/sftt1200.pfb>
Output written on main.pdf (78 pages, 639762 bytes).
PDF statistics:
 433 PDF objects out of 1000 (max. 8388607)
 300 compressed objects within 3 object streams
 0 named destinations out of 1000 (max. 500000)
 76 words of extra memory for PDF output out of 10000 (max. 10000000)

